<?xml version="1.0" encoding="utf-8" standalone="no"?>
<test-results xmlns:xsi="http://www.w3.org/2001/XMLSchema-instance" xsi:noNamespaceSchemaLocation="nunit_schema_2.5.xsd" name="Pester" total="0" errors="0" failures="0" not-run="0" inconclusive="0" ignored="0" skipped="0" invalid="0" date="2025-12-19" time="20:47:15">
  <environment user-domain="TOPAZH-LAP-HZ" nunit-version="2.5.8.0" user="topazhu" machine-name="TOPAZH-LAP-HZ" clr-version="9.0.10" os-version="10.0.26200" platform="Microsoft Windows 11 Pro|C:\WINDOWS|\Device\Harddisk0\Partition3" cwd="C:\Users\topazhu\Github\conditional-access-automation" />
  <culture-info current-culture="en-IL" current-uiculture="en-GB" />
  <test-suite type="TestFixture" name="Pester" executed="True" result="Success" success="True" time="14.5699" asserts="0" description="Pester">
    <results />
  </test-suite>
</test-results>